<?xml version="1.0" encoding="UTF-8"?>
<testsuite xmlns:xsi="http://www.w3.org/2001/XMLSchema-instance" xsi:noNamespaceSchemaLocation="https://maven.apache.org/surefire/maven-surefire-plugin/xsd/surefire-test-report.xsd" name="TicketManagerTest" time="0.062" tests="2" errors="0" skipped="0" failures="0">
  <properties>
[...]
</properties>
  <testcase name="ShouldSortTicketsIfNotFound" classname="TicketManagerTest" time="0.049"/>
  <testcase name="ShouldSortTickets" classname="TicketManagerTest" time="0.001"/>
</testsuite>